<?xml version="1.0" encoding="UTF-8"?>
<testng-results skipped="0" failed="0" ignored="0" total="2" passed="2">
  <reporter-output>
  </reporter-output>
  <suite name="Suite" duration-ms="12625" started-at="2021-05-02T21:05:13 IST" finished-at="2021-05-02T21:05:25 IST">
    <groups>
    </groups>
    <test name="Test" duration-ms="12625" started-at="2021-05-02T21:05:13 IST" finished-at="2021-05-02T21:05:25 IST">
      <class name="Maven.Test01">
        <test-method status="PASS" signature="verifyTitle()[pri:1, instance:Maven.Test01@4b4523f8]" name="verifyTitle" duration-ms="5115" started-at="2021-05-02T21:05:20 IST" finished-at="2021-05-02T21:05:25 IST">
          <reporter-output>
          </reporter-output>
        </test-method> <!-- verifyTitle -->
      </class> <!-- Maven.Test01 -->
      <class name="Maven.Test02">
        <test-method status="PASS" signature="verifySubTitle()[pri:0, instance:Maven.Test02@18eed359]" name="verifySubTitle" duration-ms="7468" started-at="2021-05-02T21:05:13 IST" finished-at="2021-05-02T21:05:20 IST">
          <reporter-output>
          </reporter-output>
        </test-method> <!-- verifySubTitle -->
      </class> <!-- Maven.Test02 -->
    </test> <!-- Test -->
  </suite> <!-- Suite -->
</testng-results>
